{
"contracts/campaign/CampaignSale.sol":{"l":{"39":3,"40":2,"44":3,"56":15,"57":14,"58":13,"59":12,"60":11,"62":10,"63":10,"65":10,"74":10,"80":2,"82":1,"84":1,"91":11,"92":10,"93":9,"94":8,"96":8,"98":8,"100":8,"102":8,"109":6,"110":5,"111":4,"112":3,"113":2,"115":1,"117":1,"119":1,"121":1,"127":7,"128":6,"129":4,"130":3,"131":2,"133":1,"135":1,"137":1,"139":1,"145":5,"146":4,"147":3,"148":2,"150":1,"152":1,"154":1,"156":1,"158":1,"164":5,"166":4},"path":"/mnt/c/Users/maarb/Desktop/PRUEBA_INFUY/SC/contracts/campaign/CampaignSale.sol","s":{"1":3,"2":15,"3":14,"4":13,"5":12,"6":11,"7":10,"8":10,"9":10,"10":2,"11":1,"12":11,"13":10,"14":9,"15":8,"16":8,"17":8,"18":6,"19":5,"20":4,"21":3,"22":2,"23":1,"24":1,"25":7,"26":6,"27":4,"28":3,"29":2,"30":1,"31":1,"32":5,"33":4,"34":3,"35":2,"36":1,"37":1,"38":1,"39":5,"40":4},"b":{"1":[2,1],"2":[14,1],"3":[13,1],"4":[12,1],"5":[11,1],"6":[10,1],"7":[2,1],"8":[1,1],"9":[10,1],"10":[9,1],"11":[8,1],"12":[8,0],"13":[5,1],"14":[4,1],"15":[3,1],"16":[2,1],"17":[1,1],"18":[6,1],"19":[4,2],"20":[3,1],"21":[2,1],"22":[1,1],"23":[4,1],"24":[3,1],"25":[2,1],"26":[1,1],"27":[4,1]},"f":{"1":3,"2":3,"3":15,"4":2,"5":11,"6":6,"7":7,"8":5,"9":5},"fnMap":{"1":{"name":"onlyCampaignCreator","line":38,"loc":{"start":{"line":38,"column":4},"end":{"line":41,"column":4}}},"2":{"name":"constructor","line":43,"loc":{"start":{"line":43,"column":4},"end":{"line":45,"column":4}}},"3":{"name":"launchCampaign","line":51,"loc":{"start":{"line":51,"column":4},"end":{"line":75,"column":4}}},"4":{"name":"cancelCampaign","line":79,"loc":{"start":{"line":79,"column":4},"end":{"line":85,"column":4}}},"5":{"name":"contribute","line":90,"loc":{"start":{"line":90,"column":4},"end":{"line":103,"column":4}}},"6":{"name":"withdraw","line":108,"loc":{"start":{"line":108,"column":4},"end":{"line":122,"column":4}}},"7":{"name":"claimCampaign","line":126,"loc":{"start":{"line":126,"column":4},"end":{"line":140,"column":4}}},"8":{"name":"refundCampaign","line":144,"loc":{"start":{"line":144,"column":4},"end":{"line":159,"column":4}}},"9":{"name":"getCampaign","line":163,"loc":{"start":{"line":163,"column":4},"end":{"line":167,"column":4}}}},"statementMap":{"1":{"start":{"line":39,"column":8},"end":{"line":39,"column":108}},"2":{"start":{"line":56,"column":8},"end":{"line":56,"column":56}},"3":{"start":{"line":57,"column":8},"end":{"line":57,"column":80}},"4":{"start":{"line":58,"column":8},"end":{"line":58,"column":76}},"5":{"start":{"line":59,"column":8},"end":{"line":59,"column":76}},"6":{"start":{"line":60,"column":8},"end":{"line":60,"column":92}},"7":{"start":{"line":62,"column":8},"end":{"line":62,"column":43}},"8":{"start":{"line":63,"column":8},"end":{"line":63,"column":56}},"9":{"start":{"line":74,"column":8},"end":{"line":74,"column":69}},"10":{"start":{"line":80,"column":8},"end":{"line":80,"column":114}},"11":{"start":{"line":84,"column":8},"end":{"line":84,"column":32}},"12":{"start":{"line":91,"column":8},"end":{"line":91,"column":84}},"13":{"start":{"line":92,"column":8},"end":{"line":92,"column":93}},"14":{"start":{"line":93,"column":8},"end":{"line":93,"column":84}},"15":{"start":{"line":94,"column":8},"end":{"line":94,"column":81}},"16":{"start":{"line":100,"column":8},"end":{"line":100,"column":63}},"17":{"start":{"line":102,"column":8},"end":{"line":102,"column":49}},"18":{"start":{"line":109,"column":8},"end":{"line":109,"column":84}},"19":{"start":{"line":110,"column":8},"end":{"line":110,"column":93}},"20":{"start":{"line":111,"column":8},"end":{"line":111,"column":84}},"21":{"start":{"line":112,"column":8},"end":{"line":112,"column":115}},"22":{"start":{"line":113,"column":8},"end":{"line":113,"column":122}},"23":{"start":{"line":119,"column":8},"end":{"line":119,"column":44}},"24":{"start":{"line":121,"column":8},"end":{"line":121,"column":47}},"25":{"start":{"line":127,"column":8},"end":{"line":127,"column":84}},"26":{"start":{"line":128,"column":8},"end":{"line":128,"column":92}},"27":{"start":{"line":129,"column":8},"end":{"line":129,"column":93}},"28":{"start":{"line":130,"column":8},"end":{"line":130,"column":80}},"29":{"start":{"line":131,"column":8},"end":{"line":131,"column":111}},"30":{"start":{"line":133,"column":8},"end":{"line":133,"column":71}},"31":{"start":{"line":139,"column":8},"end":{"line":139,"column":31}},"32":{"start":{"line":145,"column":8},"end":{"line":145,"column":84}},"33":{"start":{"line":146,"column":8},"end":{"line":146,"column":93}},"34":{"start":{"line":147,"column":8},"end":{"line":147,"column":106}},"35":{"start":{"line":148,"column":8},"end":{"line":148,"column":91}},"36":{"start":{"line":150,"column":8},"end":{"line":150,"column":62}},"37":{"start":{"line":154,"column":8},"end":{"line":154,"column":62}},"38":{"start":{"line":158,"column":8},"end":{"line":158,"column":64}},"39":{"start":{"line":164,"column":8},"end":{"line":164,"column":84}},"40":{"start":{"line":166,"column":8},"end":{"line":166,"column":29}}},"branchMap":{"1":{"line":39,"type":"if","locations":[{"start":{"line":39,"column":8},"end":{"line":39,"column":8}},{"start":{"line":39,"column":8},"end":{"line":39,"column":8}}]},"2":{"line":56,"type":"if","locations":[{"start":{"line":56,"column":8},"end":{"line":56,"column":8}},{"start":{"line":56,"column":8},"end":{"line":56,"column":8}}]},"3":{"line":57,"type":"if","locations":[{"start":{"line":57,"column":8},"end":{"line":57,"column":8}},{"start":{"line":57,"column":8},"end":{"line":57,"column":8}}]},"4":{"line":58,"type":"if","locations":[{"start":{"line":58,"column":8},"end":{"line":58,"column":8}},{"start":{"line":58,"column":8},"end":{"line":58,"column":8}}]},"5":{"line":59,"type":"if","locations":[{"start":{"line":59,"column":8},"end":{"line":59,"column":8}},{"start":{"line":59,"column":8},"end":{"line":59,"column":8}}]},"6":{"line":60,"type":"if","locations":[{"start":{"line":60,"column":8},"end":{"line":60,"column":8}},{"start":{"line":60,"column":8},"end":{"line":60,"column":8}}]},"7":{"line":79,"type":"if","locations":[{"start":{"line":79,"column":56},"end":{"line":79,"column":56}},{"start":{"line":79,"column":56},"end":{"line":79,"column":56}}]},"8":{"line":80,"type":"if","locations":[{"start":{"line":80,"column":8},"end":{"line":80,"column":8}},{"start":{"line":80,"column":8},"end":{"line":80,"column":8}}]},"9":{"line":91,"type":"if","locations":[{"start":{"line":91,"column":8},"end":{"line":91,"column":8}},{"start":{"line":91,"column":8},"end":{"line":91,"column":8}}]},"10":{"line":92,"type":"if","locations":[{"start":{"line":92,"column":8},"end":{"line":92,"column":8}},{"start":{"line":92,"column":8},"end":{"line":92,"column":8}}]},"11":{"line":93,"type":"if","locations":[{"start":{"line":93,"column":8},"end":{"line":93,"column":8}},{"start":{"line":93,"column":8},"end":{"line":93,"column":8}}]},"12":{"line":94,"type":"if","locations":[{"start":{"line":94,"column":8},"end":{"line":94,"column":8}},{"start":{"line":94,"column":8},"end":{"line":94,"column":8}}]},"13":{"line":109,"type":"if","locations":[{"start":{"line":109,"column":8},"end":{"line":109,"column":8}},{"start":{"line":109,"column":8},"end":{"line":109,"column":8}}]},"14":{"line":110,"type":"if","locations":[{"start":{"line":110,"column":8},"end":{"line":110,"column":8}},{"start":{"line":110,"column":8},"end":{"line":110,"column":8}}]},"15":{"line":111,"type":"if","locations":[{"start":{"line":111,"column":8},"end":{"line":111,"column":8}},{"start":{"line":111,"column":8},"end":{"line":111,"column":8}}]},"16":{"line":112,"type":"if","locations":[{"start":{"line":112,"column":8},"end":{"line":112,"column":8}},{"start":{"line":112,"column":8},"end":{"line":112,"column":8}}]},"17":{"line":113,"type":"if","locations":[{"start":{"line":113,"column":8},"end":{"line":113,"column":8}},{"start":{"line":113,"column":8},"end":{"line":113,"column":8}}]},"18":{"line":127,"type":"if","locations":[{"start":{"line":127,"column":8},"end":{"line":127,"column":8}},{"start":{"line":127,"column":8},"end":{"line":127,"column":8}}]},"19":{"line":128,"type":"if","locations":[{"start":{"line":128,"column":8},"end":{"line":128,"column":8}},{"start":{"line":128,"column":8},"end":{"line":128,"column":8}}]},"20":{"line":129,"type":"if","locations":[{"start":{"line":129,"column":8},"end":{"line":129,"column":8}},{"start":{"line":129,"column":8},"end":{"line":129,"column":8}}]},"21":{"line":130,"type":"if","locations":[{"start":{"line":130,"column":8},"end":{"line":130,"column":8}},{"start":{"line":130,"column":8},"end":{"line":130,"column":8}}]},"22":{"line":131,"type":"if","locations":[{"start":{"line":131,"column":8},"end":{"line":131,"column":8}},{"start":{"line":131,"column":8},"end":{"line":131,"column":8}}]},"23":{"line":145,"type":"if","locations":[{"start":{"line":145,"column":8},"end":{"line":145,"column":8}},{"start":{"line":145,"column":8},"end":{"line":145,"column":8}}]},"24":{"line":146,"type":"if","locations":[{"start":{"line":146,"column":8},"end":{"line":146,"column":8}},{"start":{"line":146,"column":8},"end":{"line":146,"column":8}}]},"25":{"line":147,"type":"if","locations":[{"start":{"line":147,"column":8},"end":{"line":147,"column":8}},{"start":{"line":147,"column":8},"end":{"line":147,"column":8}}]},"26":{"line":148,"type":"if","locations":[{"start":{"line":148,"column":8},"end":{"line":148,"column":8}},{"start":{"line":148,"column":8},"end":{"line":148,"column":8}}]},"27":{"line":164,"type":"if","locations":[{"start":{"line":164,"column":8},"end":{"line":164,"column":8}},{"start":{"line":164,"column":8},"end":{"line":164,"column":8}}]}}},
"contracts/interfaces/ICampaignSale.sol":{"l":{},"path":"/mnt/c/Users/maarb/Desktop/PRUEBA_INFUY/SC/contracts/interfaces/ICampaignSale.sol","s":{},"b":{},"f":{},"fnMap":{},"statementMap":{},"branchMap":{}},
"contracts/Signature.sol":{"l":{"12":6,"20":3,"34":1,"35":1,"37":1,"45":3,"47":2,"59":3,"61":2},"path":"/mnt/c/Users/maarb/Desktop/PRUEBA_INFUY/SC/contracts/Signature.sol","s":{"1":6,"2":3,"3":1,"4":1,"5":1,"6":3,"7":2,"8":3},"b":{"1":[2,1]},"f":{"1":6,"2":3,"3":1,"4":3,"5":3},"fnMap":{"1":{"name":"getMessageHash","line":6,"loc":{"start":{"line":6,"column":4},"end":{"line":13,"column":4}}},"2":{"name":"getEthSignedMessageHash","line":15,"loc":{"start":{"line":15,"column":4},"end":{"line":24,"column":4}}},"3":{"name":"verify","line":26,"loc":{"start":{"line":26,"column":4},"end":{"line":38,"column":4}}},"4":{"name":"recoverSigner","line":40,"loc":{"start":{"line":40,"column":4},"end":{"line":48,"column":4}}},"5":{"name":"splitSignature","line":50,"loc":{"start":{"line":50,"column":4},"end":{"line":66,"column":4}}}},"statementMap":{"1":{"start":{"line":12,"column":8},"end":{"line":12,"column":74}},"2":{"start":{"line":20,"column":8},"end":{"line":20,"column":485}},"3":{"start":{"line":34,"column":8},"end":{"line":34,"column":76}},"4":{"start":{"line":35,"column":8},"end":{"line":35,"column":75}},"5":{"start":{"line":37,"column":8},"end":{"line":37,"column":72}},"6":{"start":{"line":45,"column":8},"end":{"line":45,"column":68}},"7":{"start":{"line":47,"column":8},"end":{"line":47,"column":56}},"8":{"start":{"line":59,"column":8},"end":{"line":59,"column":60}}},"branchMap":{"1":{"line":59,"type":"if","locations":[{"start":{"line":59,"column":8},"end":{"line":59,"column":8}},{"start":{"line":59,"column":8},"end":{"line":59,"column":8}}]}}},
"contracts/Staking.sol":{"l":{"36":3,"48":2,"49":1,"51":1,"57":1,"70":1,"73":1,"74":1,"76":1,"82":1,"84":1,"89":3,"94":2,"99":5,"106":3,"108":3,"114":2,"117":2,"119":2,"121":2,"123":2,"133":2,"139":1,"140":1,"154":1,"155":1,"156":1,"157":1,"158":1,"169":1,"171":1,"197":4,"199":4},"path":"/mnt/c/Users/maarb/Desktop/PRUEBA_INFUY/SC/contracts/Staking.sol","s":{"1":2,"2":1,"3":1,"4":1,"5":1,"6":1,"7":3,"8":2,"9":5,"10":3,"11":3,"12":2,"13":2,"14":2,"15":1,"16":1,"17":1,"18":1,"19":1,"20":1,"21":4,"22":4},"b":{"1":[2,1],"2":[1,1],"3":[1,0],"4":[1,1],"5":[2,1],"6":[1,1],"7":[1,0],"8":[1,0]},"f":{"1":3,"2":2,"3":1,"4":1,"5":3,"6":2,"7":5,"8":3,"9":2,"10":4},"fnMap":{"1":{"name":"constructor","line":35,"loc":{"start":{"line":35,"column":4},"end":{"line":37,"column":4}}},"2":{"name":"setDuration","line":47,"loc":{"start":{"line":47,"column":4},"end":{"line":52,"column":4}}},"3":{"name":"addReward","line":56,"loc":{"start":{"line":56,"column":4},"end":{"line":77,"column":4}}},"4":{"name":"approveReward","line":81,"loc":{"start":{"line":81,"column":4},"end":{"line":85,"column":4}}},"5":{"name":"getDuration","line":88,"loc":{"start":{"line":88,"column":4},"end":{"line":90,"column":4}}},"6":{"name":"lastDepositTime","line":93,"loc":{"start":{"line":93,"column":4},"end":{"line":95,"column":4}}},"7":{"name":"balanceOf","line":98,"loc":{"start":{"line":98,"column":4},"end":{"line":100,"column":4}}},"8":{"name":"deposit","line":104,"loc":{"start":{"line":104,"column":4},"end":{"line":124,"column":4}}},"9":{"name":"withdraw","line":127,"loc":{"start":{"line":127,"column":4},"end":{"line":172,"column":4}}},"10":{"name":"computeReward","line":177,"loc":{"start":{"line":177,"column":4},"end":{"line":200,"column":4}}}},"statementMap":{"1":{"start":{"line":48,"column":8},"end":{"line":48,"column":74}},"2":{"start":{"line":51,"column":8},"end":{"line":51,"column":31}},"3":{"start":{"line":57,"column":8},"end":{"line":57,"column":1921}},"4":{"start":{"line":74,"column":8},"end":{"line":74,"column":64}},"5":{"start":{"line":76,"column":8},"end":{"line":76,"column":44}},"6":{"start":{"line":84,"column":8},"end":{"line":84,"column":48}},"7":{"start":{"line":89,"column":8},"end":{"line":89,"column":24}},"8":{"start":{"line":94,"column":8},"end":{"line":94,"column":40}},"9":{"start":{"line":99,"column":8},"end":{"line":99,"column":33}},"10":{"start":{"line":106,"column":8},"end":{"line":106,"column":78}},"11":{"start":{"line":108,"column":8},"end":{"line":108,"column":3764}},"12":{"start":{"line":121,"column":8},"end":{"line":121,"column":70}},"13":{"start":{"line":123,"column":8},"end":{"line":123,"column":42}},"14":{"start":{"line":133,"column":8},"end":{"line":133,"column":4655}},"15":{"start":{"line":139,"column":8},"end":{"line":139,"column":48}},"16":{"start":{"line":154,"column":8},"end":{"line":154,"column":61}},"17":{"start":{"line":156,"column":8},"end":{"line":156,"column":68}},"18":{"start":{"line":158,"column":8},"end":{"line":158,"column":5712}},"19":{"start":{"line":169,"column":8},"end":{"line":169,"column":55}},"20":{"start":{"line":171,"column":8},"end":{"line":171,"column":53}},"21":{"start":{"line":197,"column":8},"end":{"line":197,"column":75}},"22":{"start":{"line":199,"column":8},"end":{"line":199,"column":76}}},"branchMap":{"1":{"line":47,"type":"if","locations":[{"start":{"line":47,"column":50},"end":{"line":47,"column":50}},{"start":{"line":47,"column":50},"end":{"line":47,"column":50}}]},"2":{"line":48,"type":"if","locations":[{"start":{"line":48,"column":8},"end":{"line":48,"column":8}},{"start":{"line":48,"column":8},"end":{"line":48,"column":8}}]},"3":{"line":57,"type":"if","locations":[{"start":{"line":57,"column":8},"end":{"line":57,"column":8}},{"start":{"line":57,"column":8},"end":{"line":57,"column":8}}]},"4":{"line":81,"type":"if","locations":[{"start":{"line":81,"column":68},"end":{"line":81,"column":68}},{"start":{"line":81,"column":68},"end":{"line":81,"column":68}}]},"5":{"line":108,"type":"if","locations":[{"start":{"line":108,"column":8},"end":{"line":108,"column":8}},{"start":{"line":108,"column":8},"end":{"line":108,"column":8}}]},"6":{"line":133,"type":"if","locations":[{"start":{"line":133,"column":8},"end":{"line":133,"column":8}},{"start":{"line":133,"column":8},"end":{"line":133,"column":8}}]},"7":{"line":156,"type":"if","locations":[{"start":{"line":156,"column":8},"end":{"line":156,"column":8}},{"start":{"line":156,"column":8},"end":{"line":156,"column":8}}]},"8":{"line":158,"type":"if","locations":[{"start":{"line":158,"column":8},"end":{"line":158,"column":8}},{"start":{"line":158,"column":8},"end":{"line":158,"column":8}}]}}},
"contracts/test/ERC20Test.sol":{"l":{"22":6,"23":6,"27":0,"31":19,"35":9,"36":9,"37":9,"38":9,"39":9,"43":4,"44":4,"45":4,"49":2,"53":11,"54":11,"56":11,"57":11,"58":11,"59":11,"60":11},"path":"/mnt/c/Users/maarb/Desktop/PRUEBA_INFUY/SC/contracts/test/ERC20Test.sol","s":{"1":0,"2":19,"3":9,"4":9,"5":9,"6":4,"7":4,"8":2,"9":11,"10":11,"11":11,"12":11},"b":{"1":[9,0],"2":[11,0],"3":[11,0]},"f":{"1":6,"2":0,"3":19,"4":9,"5":4,"6":2,"7":11},"fnMap":{"1":{"name":"constructor","line":21,"loc":{"start":{"line":21,"column":4},"end":{"line":24,"column":4}}},"2":{"name":"totalSupply","line":26,"loc":{"start":{"line":26,"column":4},"end":{"line":28,"column":4}}},"3":{"name":"balanceOf","line":30,"loc":{"start":{"line":30,"column":4},"end":{"line":32,"column":4}}},"4":{"name":"transfer","line":34,"loc":{"start":{"line":34,"column":4},"end":{"line":40,"column":4}}},"5":{"name":"approve","line":42,"loc":{"start":{"line":42,"column":4},"end":{"line":46,"column":4}}},"6":{"name":"allowance","line":48,"loc":{"start":{"line":48,"column":4},"end":{"line":50,"column":4}}},"7":{"name":"transferFrom","line":52,"loc":{"start":{"line":52,"column":4},"end":{"line":61,"column":4}}}},"statementMap":{"1":{"start":{"line":27,"column":8},"end":{"line":27,"column":27}},"2":{"start":{"line":31,"column":8},"end":{"line":31,"column":35}},"3":{"start":{"line":35,"column":8},"end":{"line":35,"column":73}},"4":{"start":{"line":38,"column":8},"end":{"line":38,"column":54}},"5":{"start":{"line":39,"column":8},"end":{"line":39,"column":19}},"6":{"start":{"line":44,"column":8},"end":{"line":44,"column":54}},"7":{"start":{"line":45,"column":8},"end":{"line":45,"column":19}},"8":{"start":{"line":49,"column":8},"end":{"line":49,"column":39}},"9":{"start":{"line":53,"column":8},"end":{"line":53,"column":68}},"10":{"start":{"line":54,"column":8},"end":{"line":54,"column":81}},"11":{"start":{"line":59,"column":8},"end":{"line":59,"column":46}},"12":{"start":{"line":60,"column":8},"end":{"line":60,"column":19}}},"branchMap":{"1":{"line":35,"type":"if","locations":[{"start":{"line":35,"column":8},"end":{"line":35,"column":8}},{"start":{"line":35,"column":8},"end":{"line":35,"column":8}}]},"2":{"line":53,"type":"if","locations":[{"start":{"line":53,"column":8},"end":{"line":53,"column":8}},{"start":{"line":53,"column":8},"end":{"line":53,"column":8}}]},"3":{"line":54,"type":"if","locations":[{"start":{"line":54,"column":8},"end":{"line":54,"column":8}},{"start":{"line":54,"column":8},"end":{"line":54,"column":8}}]}}}}
