TN:
SF:/mnt/c/Users/maarb/Desktop/PRUEBA_INFUY/SC/contracts/campaign/CampaignSale.sol
FN:38,onlyCampaignCreator
FN:43,constructor
FN:51,launchCampaign
FN:79,cancelCampaign
FN:90,contribute
FN:108,withdraw
FN:126,claimCampaign
FN:144,refundCampaign
FN:163,getCampaign
FNF:9
FNH:9
FNDA:3,onlyCampaignCreator
FNDA:3,constructor
FNDA:15,launchCampaign
FNDA:2,cancelCampaign
FNDA:11,contribute
FNDA:6,withdraw
FNDA:7,claimCampaign
FNDA:5,refundCampaign
FNDA:5,getCampaign
DA:39,3
DA:40,2
DA:44,3
DA:56,15
DA:57,14
DA:58,13
DA:59,12
DA:60,11
DA:62,10
DA:63,10
DA:65,10
DA:74,10
DA:80,2
DA:82,1
DA:84,1
DA:91,11
DA:92,10
DA:93,9
DA:94,8
DA:96,8
DA:98,8
DA:100,8
DA:102,8
DA:109,6
DA:110,5
DA:111,4
DA:112,3
DA:113,2
DA:115,1
DA:117,1
DA:119,1
DA:121,1
DA:127,7
DA:128,6
DA:129,4
DA:130,3
DA:131,2
DA:133,1
DA:135,1
DA:137,1
DA:139,1
DA:145,5
DA:146,4
DA:147,3
DA:148,2
DA:150,1
DA:152,1
DA:154,1
DA:156,1
DA:158,1
DA:164,5
DA:166,4
LF:52
LH:52
BRDA:39,1,0,2
BRDA:39,1,1,1
BRDA:56,2,0,14
BRDA:56,2,1,1
BRDA:57,3,0,13
BRDA:57,3,1,1
BRDA:58,4,0,12
BRDA:58,4,1,1
BRDA:59,5,0,11
BRDA:59,5,1,1
BRDA:60,6,0,10
BRDA:60,6,1,1
BRDA:79,7,0,2
BRDA:79,7,1,1
BRDA:80,8,0,1
BRDA:80,8,1,1
BRDA:91,9,0,10
BRDA:91,9,1,1
BRDA:92,10,0,9
BRDA:92,10,1,1
BRDA:93,11,0,8
BRDA:93,11,1,1
BRDA:94,12,0,8
BRDA:94,12,1,0
BRDA:109,13,0,5
BRDA:109,13,1,1
BRDA:110,14,0,4
BRDA:110,14,1,1
BRDA:111,15,0,3
BRDA:111,15,1,1
BRDA:112,16,0,2
BRDA:112,16,1,1
BRDA:113,17,0,1
BRDA:113,17,1,1
BRDA:127,18,0,6
BRDA:127,18,1,1
BRDA:128,19,0,4
BRDA:128,19,1,2
BRDA:129,20,0,3
BRDA:129,20,1,1
BRDA:130,21,0,2
BRDA:130,21,1,1
BRDA:131,22,0,1
BRDA:131,22,1,1
BRDA:145,23,0,4
BRDA:145,23,1,1
BRDA:146,24,0,3
BRDA:146,24,1,1
BRDA:147,25,0,2
BRDA:147,25,1,1
BRDA:148,26,0,1
BRDA:148,26,1,1
BRDA:164,27,0,4
BRDA:164,27,1,1
BRF:54
BRH:53
end_of_record
TN:
SF:/mnt/c/Users/maarb/Desktop/PRUEBA_INFUY/SC/contracts/interfaces/ICampaignSale.sol
FNF:0
FNH:0
LF:0
LH:0
BRF:0
BRH:0
end_of_record
TN:
SF:/mnt/c/Users/maarb/Desktop/PRUEBA_INFUY/SC/contracts/Signature.sol
FN:6,getMessageHash
FN:15,getEthSignedMessageHash
FN:26,verify
FN:40,recoverSigner
FN:50,splitSignature
FNF:5
FNH:5
FNDA:6,getMessageHash
FNDA:3,getEthSignedMessageHash
FNDA:1,verify
FNDA:3,recoverSigner
FNDA:3,splitSignature
DA:12,6
DA:20,3
DA:34,1
DA:35,1
DA:37,1
DA:45,3
DA:47,2
DA:59,3
DA:61,2
LF:9
LH:9
BRDA:59,1,0,2
BRDA:59,1,1,1
BRF:2
BRH:2
end_of_record
TN:
SF:/mnt/c/Users/maarb/Desktop/PRUEBA_INFUY/SC/contracts/Staking.sol
FN:35,constructor
FN:47,setDuration
FN:56,addReward
FN:81,approveReward
FN:88,getDuration
FN:93,lastDepositTime
FN:98,balanceOf
FN:104,deposit
FN:127,withdraw
FN:177,computeReward
FNF:10
FNH:10
FNDA:3,constructor
FNDA:2,setDuration
FNDA:1,addReward
FNDA:1,approveReward
FNDA:3,getDuration
FNDA:2,lastDepositTime
FNDA:5,balanceOf
FNDA:3,deposit
FNDA:2,withdraw
FNDA:4,computeReward
DA:36,3
DA:48,2
DA:49,1
DA:51,1
DA:57,1
DA:70,1
DA:73,1
DA:74,1
DA:76,1
DA:82,1
DA:84,1
DA:89,3
DA:94,2
DA:99,5
DA:106,3
DA:108,3
DA:114,2
DA:117,2
DA:119,2
DA:121,2
DA:123,2
DA:133,2
DA:139,1
DA:140,1
DA:154,1
DA:155,1
DA:156,1
DA:157,1
DA:158,1
DA:169,1
DA:171,1
DA:197,4
DA:199,4
LF:33
LH:33
BRDA:47,1,0,2
BRDA:47,1,1,1
BRDA:48,2,0,1
BRDA:48,2,1,1
BRDA:57,3,0,1
BRDA:57,3,1,0
BRDA:81,4,0,1
BRDA:81,4,1,1
BRDA:108,5,0,2
BRDA:108,5,1,1
BRDA:133,6,0,1
BRDA:133,6,1,1
BRDA:156,7,0,1
BRDA:156,7,1,0
BRDA:158,8,0,1
BRDA:158,8,1,0
BRF:16
BRH:13
end_of_record
TN:
SF:/mnt/c/Users/maarb/Desktop/PRUEBA_INFUY/SC/contracts/test/ERC20Test.sol
FN:21,constructor
FN:26,totalSupply
FN:30,balanceOf
FN:34,transfer
FN:42,approve
FN:48,allowance
FN:52,transferFrom
FNF:7
FNH:6
FNDA:6,constructor
FNDA:0,totalSupply
FNDA:19,balanceOf
FNDA:9,transfer
FNDA:4,approve
FNDA:2,allowance
FNDA:11,transferFrom
DA:22,6
DA:23,6
DA:27,0
DA:31,19
DA:35,9
DA:36,9
DA:37,9
DA:38,9
DA:39,9
DA:43,4
DA:44,4
DA:45,4
DA:49,2
DA:53,11
DA:54,11
DA:56,11
DA:57,11
DA:58,11
DA:59,11
DA:60,11
LF:20
LH:19
BRDA:35,1,0,9
BRDA:35,1,1,0
BRDA:53,2,0,11
BRDA:53,2,1,0
BRDA:54,3,0,11
BRDA:54,3,1,0
BRF:6
BRH:3
end_of_record
